<?xml version="1.0" encoding="UTF-8"?>
<!-- Generated by org.testng.reporters.JUnitXMLReporter -->
<testsuite ignored="0" hostname="EG-5CG9363CLN" failures="0" tests="5" name="Default test" time="41.014" errors="0" timestamp="2021-01-28T02:55:56 EET">
  <testcase classname="TestAss.TestPosts" name="ChecklogRequestAndResponseDetails" time="18.272"/>
  <testcase classname="TestAss.TestPosts" name="checkContentType_PostsAPI" time="3.55"/>
  <testcase classname="TestAss.TestPosts" name="checkNumberOfPostsIDsInResponseBody_expect100" time="10.242"/>
  <testcase classname="TestAss.TestPosts" name="checkStatusCode_expectHttp200" time="1.013"/>
  <testcase classname="TestAss.TestPosts" name="extractData" time="1.009"/>
</testsuite> <!-- Default test -->
